Flutter crash report.
Please report a bug at https://github.com/flutter/flutter/issues.

## command

flutter build apk

## exception

FileSystemException: FileSystemException: Cannot open file, path = 'C:\flutter\packages\flutter_tools\gradle\settings_aar.gradle.tmpl' (OS Error: The system cannot find the file specified.
, errno = 2)

```
#0      _File.throwIfError (dart:io/file_impl.dart:635:7)
#1      _File.openSync (dart:io/file_impl.dart:479:5)
#2      _File.readAsBytesSync (dart:io/file_impl.dart:539:18)
#3      _File.readAsStringSync (dart:io/file_impl.dart:584:18)
#4      ForwardingFile.readAsStringSync (package:file/src/forwarding/forwarding_file.dart:97:16)
#5      ForwardingFile.readAsStringSync (package:file/src/forwarding/forwarding_file.dart:97:16)
#6      createSettingsAarGradle (package:flutter_tools/src/android/gradle.dart:180:46)
#7      buildGradleApp (package:flutter_tools/src/android/gradle.dart:260:5)
#8      buildGradleApp (package:flutter_tools/src/android/gradle.dart:444:19)
#9      _rootRunUnary (dart:async/zone.dart:1198:47)
#10     _CustomZone.runUnary (dart:async/zone.dart:1100:19)
#11     _FutureListener.handleValue (dart:async/future_impl.dart:143:18)
#12     Future._propagateToListeners.handleValueCallback (dart:async/future_impl.dart:696:45)
#13     Future._propagateToListeners (dart:async/future_impl.dart:725:32)
#14     Future._completeWithValue (dart:async/future_impl.dart:529:5)
#15     Future._asyncCompleteWithValue.<anonymous closure> (dart:async/future_impl.dart:567:7)
#16     _rootRun (dart:async/zone.dart:1190:13)
#17     _CustomZone.run (dart:async/zone.dart:1093:19)
#18     _CustomZone.runGuarded (dart:async/zone.dart:997:7)
#19     _CustomZone.bindCallbackGuarded.<anonymous closure> (dart:async/zone.dart:1037:23)
#20     _microtaskLoop (dart:async/schedule_microtask.dart:41:21)
#21     _startMicrotaskLoop (dart:async/schedule_microtask.dart:50:5)
#22     _runPendingImmediateCallback (dart:isolate-patch/isolate_patch.dart:118:13)
#23     _RawReceivePortImpl._handleMessage (dart:isolate-patch/isolate_patch.dart:169:5)
```

## flutter doctor

```
[✓] Flutter (Channel stable, 1.22.6, on Microsoft Windows [Version 10.0.19043.985], locale en-US)
    • Flutter version 1.22.6 at C:\flutter
    • Framework revision 9b2d32b605 (4 months ago), 2021-01-22 14:36:39 -0800
    • Engine revision 2f0af37152
    • Dart version 2.10.5

[✓] Android toolchain - develop for Android devices (Android SDK version 30.0.3)
    • Android SDK at C:\Users\ASUS\AppData\Local\Android\Sdk
    • Platform android-30, build-tools 30.0.3
    • ANDROID_HOME = C:\Users\ASUS\AppData\Local\Android\Sdk
    • Java binary at: D:\program\Android\Android Studio\jre\bin\java
    • Java version OpenJDK Runtime Environment (build 1.8.0_242-release-1644-b01)
    • All Android licenses accepted.

[!] Android Studio (version 4.1.0)
    • Android Studio at D:\program\Android\Android Studio
    ✗ Flutter plugin not installed; this adds Flutter specific functionality.
    ✗ Dart plugin not installed; this adds Dart specific functionality.
    • Java version OpenJDK Runtime Environment (build 1.8.0_242-release-1644-b01)

[✓] Connected device (1 available)
    • Android SDK built for x86 (mobile) • emulator-5554 • android-x86 • Android 10 (API 29) (emulator)

! Doctor found issues in 1 category.
```
